<?xml version="1.0" encoding="UTF-8"?>
<!-- Generated by org.testng.reporters.JUnitReportReporter -->
<testsuite hostname="PE-HO-342" failures="0" tests="1" name="com.testNG.RunTestNG" time="13.008" errors="0" timestamp="2022-03-01T10:36:26 COT" skipped="0">
  <testcase classname="com.testNG.RunTestNG" name="pruebaInicialTestNG" time="13.008"/>
  <system-out/>
</testsuite> <!-- com.testNG.RunTestNG -->
