<?xml version="1.0" encoding="UTF-8"?>
<!-- Generated by org.testng.reporters.JUnitReportReporter -->
<testsuite hostname="PE-HO-342" failures="0" tests="1" name="com.testNG.EjemploTestNG" time="0.081" errors="0" timestamp="2022-02-22T17:58:22 COT" skipped="0">
  <testcase classname="com.testNG.EjemploTestNG" name="pruebaInicialTestNG" time="0.081"/>
  <system-out/>
</testsuite> <!-- com.testNG.EjemploTestNG -->
